{
  "/Users/darya/Desktop/Dasha_html/React_RS/class_components_new/RSS_REACT/class_components/src/App.tsx": {
    "path": "/Users/darya/Desktop/Dasha_html/React_RS/class_components_new/RSS_REACT/class_components/src/App.tsx",
    "all": true,
    "statementMap": {
      "0": { "start": { "line": 1, "column": 0 }, "end": { "line": 1, "column": 49 } },
      "1": { "start": { "line": 2, "column": 0 }, "end": { "line": 2, "column": 58 } },
      "2": { "start": { "line": 3, "column": 0 }, "end": { "line": 3, "column": 19 } },
      "3": { "start": { "line": 4, "column": 0 }, "end": { "line": 4, "column": 48 } },
      "4": { "start": { "line": 5, "column": 0 }, "end": { "line": 5, "column": 58 } },
      "5": { "start": { "line": 6, "column": 0 }, "end": { "line": 6, "column": 26 } },
      "6": { "start": { "line": 7, "column": 0 }, "end": { "line": 7, "column": 57 } },
      "7": { "start": { "line": 8, "column": 0 }, "end": { "line": 8, "column": 50 } },
      "13": { "start": { "line": 14, "column": 0 }, "end": { "line": 14, "column": 48 } },
      "14": { "start": { "line": 15, "column": 0 }, "end": { "line": 15, "column": 12 } },
      "15": { "start": { "line": 16, "column": 0 }, "end": { "line": 16, "column": 12 } },
      "16": { "start": { "line": 17, "column": 0 }, "end": { "line": 17, "column": 32 } },
      "17": { "start": { "line": 18, "column": 0 }, "end": { "line": 18, "column": 22 } },
      "18": { "start": { "line": 19, "column": 0 }, "end": { "line": 19, "column": 23 } },
      "19": { "start": { "line": 20, "column": 0 }, "end": { "line": 20, "column": 93 } },
      "20": { "start": { "line": 21, "column": 0 }, "end": { "line": 21, "column": 24 } },
      "21": { "start": { "line": 22, "column": 0 }, "end": { "line": 22, "column": 23 } },
      "22": { "start": { "line": 23, "column": 0 }, "end": { "line": 23, "column": 25 } },
      "23": { "start": { "line": 24, "column": 0 }, "end": { "line": 24, "column": 12 } },
      "25": { "start": { "line": 26, "column": 0 }, "end": { "line": 26, "column": 3 } },
      "26": { "start": { "line": 27, "column": 0 }, "end": { "line": 27, "column": 1 } }
    },
    "s": {
      "0": 0,
      "1": 0,
      "2": 0,
      "3": 0,
      "4": 0,
      "5": 0,
      "6": 0,
      "7": 0,
      "13": 0,
      "14": 0,
      "15": 0,
      "16": 0,
      "17": 0,
      "18": 0,
      "19": 0,
      "20": 0,
      "21": 0,
      "22": 0,
      "23": 0,
      "25": 0,
      "26": 0
    },
    "branchMap": {
      "0": {
        "type": "branch",
        "line": 1,
        "loc": { "start": { "line": 1, "column": 757 }, "end": { "line": 27, "column": 1 } },
        "locations": [{ "start": { "line": 1, "column": 757 }, "end": { "line": 27, "column": 1 } }]
      }
    },
    "b": { "0": [0] },
    "fnMap": {
      "0": {
        "name": "(empty-report)",
        "decl": { "start": { "line": 1, "column": 757 }, "end": { "line": 27, "column": 1 } },
        "loc": { "start": { "line": 1, "column": 757 }, "end": { "line": 27, "column": 1 } },
        "line": 1
      }
    },
    "f": { "0": 0 }
  },
  "/Users/darya/Desktop/Dasha_html/React_RS/class_components_new/RSS_REACT/class_components/src/ErrorBoundary.tsx": {
    "path": "/Users/darya/Desktop/Dasha_html/React_RS/class_components_new/RSS_REACT/class_components/src/ErrorBoundary.tsx",
    "all": true,
    "statementMap": {
      "0": { "start": { "line": 1, "column": 0 }, "end": { "line": 1, "column": 26 } },
      "11": { "start": { "line": 12, "column": 0 }, "end": { "line": 12, "column": 69 } },
      "12": { "start": { "line": 13, "column": 0 }, "end": { "line": 13, "column": 32 } },
      "13": { "start": { "line": 14, "column": 0 }, "end": { "line": 14, "column": 17 } },
      "14": { "start": { "line": 15, "column": 0 }, "end": { "line": 15, "column": 18 } },
      "15": { "start": { "line": 16, "column": 0 }, "end": { "line": 16, "column": 22 } },
      "16": { "start": { "line": 17, "column": 0 }, "end": { "line": 17, "column": 23 } },
      "17": { "start": { "line": 18, "column": 0 }, "end": { "line": 18, "column": 6 } },
      "18": { "start": { "line": 19, "column": 0 }, "end": { "line": 19, "column": 3 } },
      "20": { "start": { "line": 21, "column": 0 }, "end": { "line": 21, "column": 50 } },
      "21": { "start": { "line": 22, "column": 0 }, "end": { "line": 22, "column": 86 } },
      "22": { "start": { "line": 23, "column": 0 }, "end": { "line": 23, "column": 14 } },
      "23": { "start": { "line": 24, "column": 0 }, "end": { "line": 24, "column": 23 } },
      "24": { "start": { "line": 25, "column": 0 }, "end": { "line": 25, "column": 21 } },
      "25": { "start": { "line": 26, "column": 0 }, "end": { "line": 26, "column": 8 } },
      "26": { "start": { "line": 27, "column": 0 }, "end": { "line": 27, "column": 5 } },
      "27": { "start": { "line": 28, "column": 0 }, "end": { "line": 28, "column": 3 } },
      "29": { "start": { "line": 30, "column": 0 }, "end": { "line": 30, "column": 41 } },
      "30": { "start": { "line": 31, "column": 0 }, "end": { "line": 31, "column": 86 } },
      "31": { "start": { "line": 32, "column": 0 }, "end": { "line": 32, "column": 54 } },
      "32": { "start": { "line": 33, "column": 0 }, "end": { "line": 33, "column": 27 } },
      "33": { "start": { "line": 34, "column": 0 }, "end": { "line": 34, "column": 5 } },
      "34": { "start": { "line": 35, "column": 0 }, "end": { "line": 35, "column": 3 } },
      "36": { "start": { "line": 37, "column": 0 }, "end": { "line": 37, "column": 12 } },
      "37": { "start": { "line": 38, "column": 0 }, "end": { "line": 38, "column": 8 } },
      "38": { "start": { "line": 39, "column": 0 }, "end": { "line": 39, "column": 28 } },
      "39": { "start": { "line": 40, "column": 0 }, "end": { "line": 40, "column": 83 } },
      "40": { "start": { "line": 41, "column": 0 }, "end": { "line": 41, "column": 7 } },
      "41": { "start": { "line": 42, "column": 0 }, "end": { "line": 42, "column": 14 } },
      "42": { "start": { "line": 43, "column": 0 }, "end": { "line": 43, "column": 13 } },
      "43": { "start": { "line": 44, "column": 0 }, "end": { "line": 44, "column": 53 } },
      "44": { "start": { "line": 45, "column": 0 }, "end": { "line": 45, "column": 14 } },
      "46": { "start": { "line": 47, "column": 0 }, "end": { "line": 47, "column": 5 } },
      "47": { "start": { "line": 48, "column": 0 }, "end": { "line": 48, "column": 31 } },
      "48": { "start": { "line": 49, "column": 0 }, "end": { "line": 49, "column": 3 } },
      "49": { "start": { "line": 50, "column": 0 }, "end": { "line": 50, "column": 1 } }
    },
    "s": {
      "0": 0,
      "11": 0,
      "12": 0,
      "13": 0,
      "14": 0,
      "15": 0,
      "16": 0,
      "17": 0,
      "18": 0,
      "20": 0,
      "21": 0,
      "22": 0,
      "23": 0,
      "24": 0,
      "25": 0,
      "26": 0,
      "27": 0,
      "29": 0,
      "30": 0,
      "31": 0,
      "32": 0,
      "33": 0,
      "34": 0,
      "36": 0,
      "37": 0,
      "38": 0,
      "39": 0,
      "40": 0,
      "41": 0,
      "42": 0,
      "43": 0,
      "44": 0,
      "46": 0,
      "47": 0,
      "48": 0,
      "49": 0
    },
    "branchMap": {
      "0": {
        "type": "branch",
        "line": 1,
        "loc": { "start": { "line": 1, "column": 0 }, "end": { "line": 50, "column": -71 } },
        "locations": [{ "start": { "line": 1, "column": 0 }, "end": { "line": 50, "column": -71 } }]
      }
    },
    "b": { "0": [0] },
    "fnMap": {
      "0": {
        "name": "(empty-report)",
        "decl": { "start": { "line": 1, "column": 0 }, "end": { "line": 50, "column": -71 } },
        "loc": { "start": { "line": 1, "column": 0 }, "end": { "line": 50, "column": -71 } },
        "line": 1
      }
    },
    "f": { "0": 0 }
  },
  "/Users/darya/Desktop/Dasha_html/React_RS/class_components_new/RSS_REACT/class_components/src/loader.tsx": {
    "path": "/Users/darya/Desktop/Dasha_html/React_RS/class_components_new/RSS_REACT/class_components/src/loader.tsx",
    "all": true,
    "statementMap": {
      "0": { "start": { "line": 1, "column": 0 }, "end": { "line": 1, "column": 34 } },
      "2": { "start": { "line": 3, "column": 0 }, "end": { "line": 3, "column": 47 } },
      "3": { "start": { "line": 4, "column": 0 }, "end": { "line": 4, "column": 12 } },
      "4": { "start": { "line": 5, "column": 0 }, "end": { "line": 5, "column": 12 } },
      "5": { "start": { "line": 6, "column": 0 }, "end": { "line": 6, "column": 27 } },
      "6": { "start": { "line": 7, "column": 0 }, "end": { "line": 7, "column": 42 } },
      "7": { "start": { "line": 8, "column": 0 }, "end": { "line": 8, "column": 16 } },
      "9": { "start": { "line": 10, "column": 0 }, "end": { "line": 10, "column": 3 } },
      "10": { "start": { "line": 11, "column": 0 }, "end": { "line": 11, "column": 1 } }
    },
    "s": { "0": 0, "2": 0, "3": 0, "4": 0, "5": 0, "6": 0, "7": 0, "9": 0, "10": 0 },
    "branchMap": {
      "0": {
        "type": "branch",
        "line": 1,
        "loc": { "start": { "line": 1, "column": 0 }, "end": { "line": 11, "column": -62 } },
        "locations": [{ "start": { "line": 1, "column": 0 }, "end": { "line": 11, "column": -62 } }]
      }
    },
    "b": { "0": [0] },
    "fnMap": {
      "0": {
        "name": "(empty-report)",
        "decl": { "start": { "line": 1, "column": 0 }, "end": { "line": 11, "column": -62 } },
        "loc": { "start": { "line": 1, "column": 0 }, "end": { "line": 11, "column": -62 } },
        "line": 1
      }
    },
    "f": { "0": 0 }
  },
  "/Users/darya/Desktop/Dasha_html/React_RS/class_components_new/RSS_REACT/class_components/src/main.tsx": {
    "path": "/Users/darya/Desktop/Dasha_html/React_RS/class_components_new/RSS_REACT/class_components/src/main.tsx",
    "all": true,
    "statementMap": {
      "0": { "start": { "line": 1, "column": 0 }, "end": { "line": 1, "column": 26 } },
      "1": { "start": { "line": 2, "column": 0 }, "end": { "line": 2, "column": 32 } },
      "2": { "start": { "line": 3, "column": 0 }, "end": { "line": 3, "column": 21 } },
      "3": { "start": { "line": 4, "column": 0 }, "end": { "line": 4, "column": 54 } },
      "4": { "start": { "line": 5, "column": 0 }, "end": { "line": 5, "column": 64 } },
      "5": { "start": { "line": 6, "column": 0 }, "end": { "line": 6, "column": 46 } },
      "6": { "start": { "line": 7, "column": 0 }, "end": { "line": 7, "column": 54 } },
      "7": { "start": { "line": 8, "column": 0 }, "end": { "line": 8, "column": 34 } },
      "9": { "start": { "line": 10, "column": 0 }, "end": { "line": 10, "column": 57 } },
      "10": { "start": { "line": 11, "column": 0 }, "end": { "line": 11, "column": 39 } },
      "11": { "start": { "line": 12, "column": 0 }, "end": { "line": 12, "column": 12 } },
      "13": { "start": { "line": 14, "column": 0 }, "end": { "line": 14, "column": 14 } },
      "14": { "start": { "line": 15, "column": 0 }, "end": { "line": 15, "column": 22 } },
      "15": { "start": { "line": 16, "column": 0 }, "end": { "line": 16, "column": 16 } },
      "16": { "start": { "line": 17, "column": 0 }, "end": { "line": 17, "column": 23 } },
      "17": { "start": { "line": 18, "column": 0 }, "end": { "line": 18, "column": 4 } },
      "18": { "start": { "line": 19, "column": 0 }, "end": { "line": 19, "column": 52 } },
      "19": { "start": { "line": 20, "column": 0 }, "end": { "line": 20, "column": 17 } },
      "21": { "start": { "line": 22, "column": 0 }, "end": { "line": 22, "column": 14 } },
      "22": { "start": { "line": 23, "column": 0 }, "end": { "line": 23, "column": 22 } },
      "23": { "start": { "line": 24, "column": 0 }, "end": { "line": 24, "column": 47 } },
      "24": { "start": { "line": 25, "column": 0 }, "end": { "line": 25, "column": 23 } },
      "25": { "start": { "line": 26, "column": 0 }, "end": { "line": 26, "column": 4 } },
      "26": { "start": { "line": 27, "column": 0 }, "end": { "line": 27, "column": 1 } },
      "27": { "start": { "line": 28, "column": 0 }, "end": { "line": 28, "column": 20 } }
    },
    "s": {
      "0": 0,
      "1": 0,
      "2": 0,
      "3": 0,
      "4": 0,
      "5": 0,
      "6": 0,
      "7": 0,
      "9": 0,
      "10": 0,
      "11": 0,
      "13": 0,
      "14": 0,
      "15": 0,
      "16": 0,
      "17": 0,
      "18": 0,
      "19": 0,
      "21": 0,
      "22": 0,
      "23": 0,
      "24": 0,
      "25": 0,
      "26": 0,
      "27": 0
    },
    "branchMap": {
      "0": {
        "type": "branch",
        "line": 1,
        "loc": { "start": { "line": 1, "column": 745 }, "end": { "line": 28, "column": 20 } },
        "locations": [
          { "start": { "line": 1, "column": 745 }, "end": { "line": 28, "column": 20 } }
        ]
      }
    },
    "b": { "0": [0] },
    "fnMap": {
      "0": {
        "name": "(empty-report)",
        "decl": { "start": { "line": 1, "column": 745 }, "end": { "line": 28, "column": 20 } },
        "loc": { "start": { "line": 1, "column": 745 }, "end": { "line": 28, "column": 20 } },
        "line": 1
      }
    },
    "f": { "0": 0 }
  },
  "/Users/darya/Desktop/Dasha_html/React_RS/class_components_new/RSS_REACT/class_components/src/bottomSection/bottomSection.tsx": {
    "path": "/Users/darya/Desktop/Dasha_html/React_RS/class_components_new/RSS_REACT/class_components/src/bottomSection/bottomSection.tsx",
    "all": true,
    "statementMap": {
      "0": { "start": { "line": 1, "column": 0 }, "end": { "line": 1, "column": 34 } },
      "7": { "start": { "line": 8, "column": 0 }, "end": { "line": 8, "column": 62 } },
      "8": { "start": { "line": 9, "column": 0 }, "end": { "line": 9, "column": 12 } },
      "9": { "start": { "line": 10, "column": 0 }, "end": { "line": 10, "column": 44 } },
      "10": { "start": { "line": 11, "column": 0 }, "end": { "line": 11, "column": 22 } },
      "11": { "start": { "line": 12, "column": 0 }, "end": { "line": 12, "column": 25 } },
      "12": { "start": { "line": 13, "column": 0 }, "end": { "line": 13, "column": 42 } },
      "13": { "start": { "line": 14, "column": 0 }, "end": { "line": 14, "column": 23 } },
      "14": { "start": { "line": 15, "column": 0 }, "end": { "line": 15, "column": 46 } },
      "15": { "start": { "line": 16, "column": 0 }, "end": { "line": 16, "column": 76 } },
      "16": { "start": { "line": 17, "column": 0 }, "end": { "line": 17, "column": 82 } },
      "17": { "start": { "line": 18, "column": 0 }, "end": { "line": 18, "column": 82 } },
      "18": { "start": { "line": 19, "column": 0 }, "end": { "line": 19, "column": 94 } },
      "19": { "start": { "line": 20, "column": 0 }, "end": { "line": 20, "column": 94 } },
      "20": { "start": { "line": 21, "column": 0 }, "end": { "line": 21, "column": 76 } },
      "21": { "start": { "line": 22, "column": 0 }, "end": { "line": 22, "column": 14 } },
      "23": { "start": { "line": 24, "column": 0 }, "end": { "line": 24, "column": 36 } },
      "24": { "start": { "line": 25, "column": 0 }, "end": { "line": 25, "column": 5 } },
      "25": { "start": { "line": 26, "column": 0 }, "end": { "line": 26, "column": 8 } },
      "26": { "start": { "line": 27, "column": 0 }, "end": { "line": 27, "column": 86 } },
      "27": { "start": { "line": 28, "column": 0 }, "end": { "line": 28, "column": 27 } },
      "28": { "start": { "line": 29, "column": 0 }, "end": { "line": 29, "column": 7 } },
      "29": { "start": { "line": 30, "column": 0 }, "end": { "line": 30, "column": 38 } },
      "30": { "start": { "line": 31, "column": 0 }, "end": { "line": 31, "column": 42 } },
      "31": { "start": { "line": 32, "column": 0 }, "end": { "line": 32, "column": 5 } },
      "33": { "start": { "line": 34, "column": 0 }, "end": { "line": 34, "column": 12 } },
      "34": { "start": { "line": 35, "column": 0 }, "end": { "line": 35, "column": 69 } },
      "35": { "start": { "line": 36, "column": 0 }, "end": { "line": 36, "column": 49 } },
      "36": { "start": { "line": 37, "column": 0 }, "end": { "line": 37, "column": 16 } },
      "38": { "start": { "line": 39, "column": 0 }, "end": { "line": 39, "column": 3 } },
      "39": { "start": { "line": 40, "column": 0 }, "end": { "line": 40, "column": 1 } }
    },
    "s": {
      "0": 0,
      "7": 0,
      "8": 0,
      "9": 0,
      "10": 0,
      "11": 0,
      "12": 0,
      "13": 0,
      "14": 0,
      "15": 0,
      "16": 0,
      "17": 0,
      "18": 0,
      "19": 0,
      "20": 0,
      "21": 0,
      "23": 0,
      "24": 0,
      "25": 0,
      "26": 0,
      "27": 0,
      "28": 0,
      "29": 0,
      "30": 0,
      "31": 0,
      "33": 0,
      "34": 0,
      "35": 0,
      "36": 0,
      "38": 0,
      "39": 0
    },
    "branchMap": {
      "0": {
        "type": "branch",
        "line": 1,
        "loc": { "start": { "line": 1, "column": 0 }, "end": { "line": 40, "column": -788 } },
        "locations": [
          { "start": { "line": 1, "column": 0 }, "end": { "line": 40, "column": -788 } }
        ]
      }
    },
    "b": { "0": [0] },
    "fnMap": {
      "0": {
        "name": "(empty-report)",
        "decl": { "start": { "line": 1, "column": 0 }, "end": { "line": 40, "column": -788 } },
        "loc": { "start": { "line": 1, "column": 0 }, "end": { "line": 40, "column": -788 } },
        "line": 1
      }
    },
    "f": { "0": 0 }
  },
  "/Users/darya/Desktop/Dasha_html/React_RS/class_components_new/RSS_REACT/class_components/src/bottomSection/buttonWrapper.tsx": {
    "path": "/Users/darya/Desktop/Dasha_html/React_RS/class_components_new/RSS_REACT/class_components/src/bottomSection/buttonWrapper.tsx",
    "all": true,
    "statementMap": {
      "0": { "start": { "line": 1, "column": 0 }, "end": { "line": 1, "column": 34 } },
      "1": { "start": { "line": 2, "column": 0 }, "end": { "line": 2, "column": 36 } },
      "2": { "start": { "line": 3, "column": 0 }, "end": { "line": 3, "column": 36 } },
      "4": { "start": { "line": 5, "column": 0 }, "end": { "line": 5, "column": 54 } },
      "5": { "start": { "line": 6, "column": 0 }, "end": { "line": 6, "column": 12 } },
      "6": { "start": { "line": 7, "column": 0 }, "end": { "line": 7, "column": 12 } },
      "7": { "start": { "line": 8, "column": 0 }, "end": { "line": 8, "column": 31 } },
      "8": { "start": { "line": 9, "column": 0 }, "end": { "line": 9, "column": 14 } },
      "9": { "start": { "line": 10, "column": 0 }, "end": { "line": 10, "column": 29 } },
      "10": { "start": { "line": 11, "column": 0 }, "end": { "line": 11, "column": 23 } },
      "11": { "start": { "line": 12, "column": 0 }, "end": { "line": 12, "column": 26 } },
      "12": { "start": { "line": 13, "column": 0 }, "end": { "line": 13, "column": 26 } },
      "13": { "start": { "line": 14, "column": 0 }, "end": { "line": 14, "column": 28 } },
      "14": { "start": { "line": 15, "column": 0 }, "end": { "line": 15, "column": 51 } },
      "15": { "start": { "line": 16, "column": 0 }, "end": { "line": 16, "column": 12 } },
      "16": { "start": { "line": 17, "column": 0 }, "end": { "line": 17, "column": 10 } },
      "17": { "start": { "line": 18, "column": 0 }, "end": { "line": 18, "column": 14 } },
      "18": { "start": { "line": 19, "column": 0 }, "end": { "line": 19, "column": 25 } },
      "19": { "start": { "line": 20, "column": 0 }, "end": { "line": 20, "column": 23 } },
      "20": { "start": { "line": 21, "column": 0 }, "end": { "line": 21, "column": 22 } },
      "21": { "start": { "line": 22, "column": 0 }, "end": { "line": 22, "column": 26 } },
      "22": { "start": { "line": 23, "column": 0 }, "end": { "line": 23, "column": 27 } },
      "23": { "start": { "line": 24, "column": 0 }, "end": { "line": 24, "column": 51 } },
      "24": { "start": { "line": 25, "column": 0 }, "end": { "line": 25, "column": 12 } },
      "25": { "start": { "line": 26, "column": 0 }, "end": { "line": 26, "column": 10 } },
      "26": { "start": { "line": 27, "column": 0 }, "end": { "line": 27, "column": 13 } },
      "28": { "start": { "line": 29, "column": 0 }, "end": { "line": 29, "column": 3 } },
      "29": { "start": { "line": 30, "column": 0 }, "end": { "line": 30, "column": 1 } }
    },
    "s": {
      "0": 0,
      "1": 0,
      "2": 0,
      "4": 0,
      "5": 0,
      "6": 0,
      "7": 0,
      "8": 0,
      "9": 0,
      "10": 0,
      "11": 0,
      "12": 0,
      "13": 0,
      "14": 0,
      "15": 0,
      "16": 0,
      "17": 0,
      "18": 0,
      "19": 0,
      "20": 0,
      "21": 0,
      "22": 0,
      "23": 0,
      "24": 0,
      "25": 0,
      "26": 0,
      "28": 0,
      "29": 0
    },
    "branchMap": {
      "0": {
        "type": "branch",
        "line": 1,
        "loc": { "start": { "line": 1, "column": 0 }, "end": { "line": 30, "column": -463 } },
        "locations": [
          { "start": { "line": 1, "column": 0 }, "end": { "line": 30, "column": -463 } }
        ]
      }
    },
    "b": { "0": [0] },
    "fnMap": {
      "0": {
        "name": "(empty-report)",
        "decl": { "start": { "line": 1, "column": 0 }, "end": { "line": 30, "column": -463 } },
        "loc": { "start": { "line": 1, "column": 0 }, "end": { "line": 30, "column": -463 } },
        "line": 1
      }
    },
    "f": { "0": 0 }
  },
  "/Users/darya/Desktop/Dasha_html/React_RS/class_components_new/RSS_REACT/class_components/src/bottomSection/counter.tsx": {
    "path": "/Users/darya/Desktop/Dasha_html/React_RS/class_components_new/RSS_REACT/class_components/src/bottomSection/counter.tsx",
    "all": true,
    "statementMap": {
      "0": { "start": { "line": 1, "column": 0 }, "end": { "line": 1, "column": 22 } },
      "1": { "start": { "line": 2, "column": 0 }, "end": { "line": 2, "column": 35 } },
      "3": { "start": { "line": 4, "column": 0 }, "end": { "line": 4, "column": 23 } },
      "4": { "start": { "line": 5, "column": 0 }, "end": { "line": 5, "column": 20 } },
      "5": { "start": { "line": 6, "column": 0 }, "end": { "line": 6, "column": 3 } },
      "6": { "start": { "line": 7, "column": 0 }, "end": { "line": 7, "column": 24 } },
      "7": { "start": { "line": 8, "column": 0 }, "end": { "line": 8, "column": 20 } },
      "8": { "start": { "line": 9, "column": 0 }, "end": { "line": 9, "column": 3 } },
      "10": { "start": { "line": 11, "column": 0 }, "end": { "line": 11, "column": 29 } },
      "11": { "start": { "line": 12, "column": 0 }, "end": { "line": 12, "column": 25 } },
      "12": { "start": { "line": 13, "column": 0 }, "end": { "line": 13, "column": 3 } },
      "13": { "start": { "line": 14, "column": 0 }, "end": { "line": 14, "column": 1 } }
    },
    "s": {
      "0": 0,
      "1": 0,
      "3": 0,
      "4": 0,
      "5": 0,
      "6": 0,
      "7": 0,
      "8": 0,
      "10": 0,
      "11": 0,
      "12": 0,
      "13": 0
    },
    "branchMap": {
      "0": {
        "type": "branch",
        "line": 1,
        "loc": { "start": { "line": 1, "column": 221 }, "end": { "line": 14, "column": 1 } },
        "locations": [{ "start": { "line": 1, "column": 221 }, "end": { "line": 14, "column": 1 } }]
      }
    },
    "b": { "0": [0] },
    "fnMap": {
      "0": {
        "name": "(empty-report)",
        "decl": { "start": { "line": 1, "column": 221 }, "end": { "line": 14, "column": 1 } },
        "loc": { "start": { "line": 1, "column": 221 }, "end": { "line": 14, "column": 1 } },
        "line": 1
      }
    },
    "f": { "0": 0 }
  },
  "/Users/darya/Desktop/Dasha_html/React_RS/class_components_new/RSS_REACT/class_components/src/bottomSection/getExactInfo.tsx": {
    "path": "/Users/darya/Desktop/Dasha_html/React_RS/class_components_new/RSS_REACT/class_components/src/bottomSection/getExactInfo.tsx",
    "all": true,
    "statementMap": {
      "0": { "start": { "line": 1, "column": 0 }, "end": { "line": 1, "column": 26 } },
      "1": { "start": { "line": 2, "column": 0 }, "end": { "line": 2, "column": 29 } },
      "2": { "start": { "line": 3, "column": 0 }, "end": { "line": 3, "column": 22 } },
      "3": { "start": { "line": 4, "column": 0 }, "end": { "line": 4, "column": 36 } },
      "4": { "start": { "line": 5, "column": 0 }, "end": { "line": 5, "column": 27 } },
      "6": { "start": { "line": 7, "column": 0 }, "end": { "line": 7, "column": 32 } },
      "7": { "start": { "line": 8, "column": 0 }, "end": { "line": 8, "column": 103 } },
      "9": { "start": { "line": 10, "column": 0 }, "end": { "line": 10, "column": 52 } },
      "10": { "start": { "line": 11, "column": 0 }, "end": { "line": 11, "column": 40 } },
      "11": { "start": { "line": 12, "column": 0 }, "end": { "line": 12, "column": 20 } },
      "12": { "start": { "line": 13, "column": 0 }, "end": { "line": 13, "column": 16 } },
      "13": { "start": { "line": 14, "column": 0 }, "end": { "line": 14, "column": 43 } },
      "14": { "start": { "line": 15, "column": 0 }, "end": { "line": 15, "column": 8 } },
      "15": { "start": { "line": 16, "column": 0 }, "end": { "line": 16, "column": 7 } },
      "17": { "start": { "line": 18, "column": 0 }, "end": { "line": 18, "column": 38 } },
      "19": { "start": { "line": 20, "column": 0 }, "end": { "line": 20, "column": 31 } },
      "20": { "start": { "line": 21, "column": 0 }, "end": { "line": 21, "column": 3 } },
      "22": { "start": { "line": 23, "column": 0 }, "end": { "line": 23, "column": 26 } },
      "23": { "start": { "line": 24, "column": 0 }, "end": { "line": 24, "column": 21 } },
      "24": { "start": { "line": 25, "column": 0 }, "end": { "line": 25, "column": 21 } },
      "26": { "start": { "line": 27, "column": 0 }, "end": { "line": 27, "column": 65 } },
      "27": { "start": { "line": 28, "column": 0 }, "end": { "line": 28, "column": 46 } },
      "28": { "start": { "line": 29, "column": 0 }, "end": { "line": 29, "column": 7 } },
      "29": { "start": { "line": 30, "column": 0 }, "end": { "line": 30, "column": 59 } },
      "31": { "start": { "line": 32, "column": 0 }, "end": { "line": 32, "column": 18 } },
      "32": { "start": { "line": 33, "column": 0 }, "end": { "line": 33, "column": 26 } },
      "33": { "start": { "line": 34, "column": 0 }, "end": { "line": 34, "column": 51 } },
      "34": { "start": { "line": 35, "column": 0 }, "end": { "line": 35, "column": 27 } },
      "35": { "start": { "line": 36, "column": 0 }, "end": { "line": 36, "column": 8 } },
      "37": { "start": { "line": 38, "column": 0 }, "end": { "line": 38, "column": 18 } },
      "38": { "start": { "line": 39, "column": 0 }, "end": { "line": 39, "column": 6 } },
      "39": { "start": { "line": 40, "column": 0 }, "end": { "line": 40, "column": 23 } },
      "40": { "start": { "line": 41, "column": 0 }, "end": { "line": 41, "column": 25 } },
      "41": { "start": { "line": 42, "column": 0 }, "end": { "line": 42, "column": 7 } },
      "42": { "start": { "line": 43, "column": 0 }, "end": { "line": 43, "column": 1 } }
    },
    "s": {
      "0": 0,
      "1": 0,
      "2": 0,
      "3": 0,
      "4": 0,
      "6": 0,
      "7": 0,
      "9": 0,
      "10": 0,
      "11": 0,
      "12": 0,
      "13": 0,
      "14": 0,
      "15": 0,
      "17": 0,
      "19": 0,
      "20": 0,
      "22": 0,
      "23": 0,
      "24": 0,
      "26": 0,
      "27": 0,
      "28": 0,
      "29": 0,
      "31": 0,
      "32": 0,
      "33": 0,
      "34": 0,
      "35": 0,
      "37": 0,
      "38": 0,
      "39": 0,
      "40": 0,
      "41": 0,
      "42": 0
    },
    "branchMap": {
      "0": {
        "type": "branch",
        "line": 1,
        "loc": { "start": { "line": 1, "column": 0 }, "end": { "line": 43, "column": -427 } },
        "locations": [
          { "start": { "line": 1, "column": 0 }, "end": { "line": 43, "column": -427 } }
        ]
      }
    },
    "b": { "0": [0] },
    "fnMap": {
      "0": {
        "name": "(empty-report)",
        "decl": { "start": { "line": 1, "column": 0 }, "end": { "line": 43, "column": -427 } },
        "loc": { "start": { "line": 1, "column": 0 }, "end": { "line": 43, "column": -427 } },
        "line": 1
      }
    },
    "f": { "0": 0 }
  },
  "/Users/darya/Desktop/Dasha_html/React_RS/class_components_new/RSS_REACT/class_components/src/bottomSection/getInfo.tsx": {
    "path": "/Users/darya/Desktop/Dasha_html/React_RS/class_components_new/RSS_REACT/class_components/src/bottomSection/getInfo.tsx",
    "all": true,
    "statementMap": {
      "0": { "start": { "line": 1, "column": 0 }, "end": { "line": 1, "column": 26 } },
      "1": { "start": { "line": 2, "column": 0 }, "end": { "line": 2, "column": 29 } },
      "2": { "start": { "line": 3, "column": 0 }, "end": { "line": 3, "column": 22 } },
      "3": { "start": { "line": 4, "column": 0 }, "end": { "line": 4, "column": 36 } },
      "4": { "start": { "line": 5, "column": 0 }, "end": { "line": 5, "column": 27 } },
      "6": { "start": { "line": 7, "column": 0 }, "end": { "line": 7, "column": 42 } },
      "7": { "start": { "line": 8, "column": 0 }, "end": { "line": 8, "column": 18 } },
      "8": { "start": { "line": 9, "column": 0 }, "end": { "line": 9, "column": 15 } },
      "9": { "start": { "line": 10, "column": 0 }, "end": { "line": 10, "column": 51 } },
      "10": { "start": { "line": 11, "column": 0 }, "end": { "line": 11, "column": 10 } },
      "11": { "start": { "line": 12, "column": 0 }, "end": { "line": 12, "column": 42 } },
      "12": { "start": { "line": 13, "column": 0 }, "end": { "line": 13, "column": 3 } },
      "14": { "start": { "line": 15, "column": 0 }, "end": { "line": 15, "column": 47 } },
      "15": { "start": { "line": 16, "column": 0 }, "end": { "line": 16, "column": 40 } },
      "16": { "start": { "line": 17, "column": 0 }, "end": { "line": 17, "column": 20 } },
      "17": { "start": { "line": 18, "column": 0 }, "end": { "line": 18, "column": 16 } },
      "18": { "start": { "line": 19, "column": 0 }, "end": { "line": 19, "column": 43 } },
      "19": { "start": { "line": 20, "column": 0 }, "end": { "line": 20, "column": 8 } },
      "20": { "start": { "line": 21, "column": 0 }, "end": { "line": 21, "column": 7 } },
      "22": { "start": { "line": 23, "column": 0 }, "end": { "line": 23, "column": 38 } },
      "24": { "start": { "line": 25, "column": 0 }, "end": { "line": 25, "column": 31 } },
      "25": { "start": { "line": 26, "column": 0 }, "end": { "line": 26, "column": 3 } },
      "27": { "start": { "line": 28, "column": 0 }, "end": { "line": 28, "column": 21 } },
      "28": { "start": { "line": 29, "column": 0 }, "end": { "line": 29, "column": 21 } },
      "29": { "start": { "line": 30, "column": 0 }, "end": { "line": 30, "column": 21 } },
      "30": { "start": { "line": 31, "column": 0 }, "end": { "line": 31, "column": 65 } },
      "31": { "start": { "line": 32, "column": 0 }, "end": { "line": 32, "column": 46 } },
      "32": { "start": { "line": 33, "column": 0 }, "end": { "line": 33, "column": 7 } },
      "33": { "start": { "line": 34, "column": 0 }, "end": { "line": 34, "column": 59 } },
      "35": { "start": { "line": 36, "column": 0 }, "end": { "line": 36, "column": 18 } },
      "36": { "start": { "line": 37, "column": 0 }, "end": { "line": 37, "column": 26 } },
      "37": { "start": { "line": 38, "column": 0 }, "end": { "line": 38, "column": 51 } },
      "38": { "start": { "line": 39, "column": 0 }, "end": { "line": 39, "column": 27 } },
      "39": { "start": { "line": 40, "column": 0 }, "end": { "line": 40, "column": 8 } },
      "40": { "start": { "line": 41, "column": 0 }, "end": { "line": 41, "column": 18 } },
      "41": { "start": { "line": 42, "column": 0 }, "end": { "line": 42, "column": 6 } },
      "42": { "start": { "line": 43, "column": 0 }, "end": { "line": 43, "column": 42 } },
      "43": { "start": { "line": 44, "column": 0 }, "end": { "line": 44, "column": 1 } }
    },
    "s": {
      "0": 0,
      "1": 0,
      "2": 0,
      "3": 0,
      "4": 0,
      "6": 0,
      "7": 0,
      "8": 0,
      "9": 0,
      "10": 0,
      "11": 0,
      "12": 0,
      "14": 0,
      "15": 0,
      "16": 0,
      "17": 0,
      "18": 0,
      "19": 0,
      "20": 0,
      "22": 0,
      "24": 0,
      "25": 0,
      "27": 0,
      "28": 0,
      "29": 0,
      "30": 0,
      "31": 0,
      "32": 0,
      "33": 0,
      "35": 0,
      "36": 0,
      "37": 0,
      "38": 0,
      "39": 0,
      "40": 0,
      "41": 0,
      "42": 0,
      "43": 0
    },
    "branchMap": {
      "0": {
        "type": "branch",
        "line": 1,
        "loc": { "start": { "line": 1, "column": 0 }, "end": { "line": 44, "column": -431 } },
        "locations": [
          { "start": { "line": 1, "column": 0 }, "end": { "line": 44, "column": -431 } }
        ]
      }
    },
    "b": { "0": [0] },
    "fnMap": {
      "0": {
        "name": "(empty-report)",
        "decl": { "start": { "line": 1, "column": 0 }, "end": { "line": 44, "column": -431 } },
        "loc": { "start": { "line": 1, "column": 0 }, "end": { "line": 44, "column": -431 } },
        "line": 1
      }
    },
    "f": { "0": 0 }
  },
  "/Users/darya/Desktop/Dasha_html/React_RS/class_components_new/RSS_REACT/class_components/src/bottomSection/pageNumber.tsx": {
    "path": "/Users/darya/Desktop/Dasha_html/React_RS/class_components_new/RSS_REACT/class_components/src/bottomSection/pageNumber.tsx",
    "all": true,
    "statementMap": {
      "0": { "start": { "line": 1, "column": 0 }, "end": { "line": 1, "column": 34 } },
      "1": { "start": { "line": 2, "column": 0 }, "end": { "line": 2, "column": 36 } },
      "3": { "start": { "line": 4, "column": 0 }, "end": { "line": 4, "column": 44 } },
      "4": { "start": { "line": 5, "column": 0 }, "end": { "line": 5, "column": 12 } },
      "5": { "start": { "line": 6, "column": 0 }, "end": { "line": 6, "column": 73 } },
      "6": { "start": { "line": 7, "column": 0 }, "end": { "line": 7, "column": 3 } },
      "7": { "start": { "line": 8, "column": 0 }, "end": { "line": 8, "column": 1 } }
    },
    "s": { "0": 0, "1": 0, "3": 0, "4": 0, "5": 0, "6": 0, "7": 0 },
    "branchMap": {
      "0": {
        "type": "branch",
        "line": 1,
        "loc": { "start": { "line": 1, "column": 210 }, "end": { "line": 8, "column": 1 } },
        "locations": [{ "start": { "line": 1, "column": 210 }, "end": { "line": 8, "column": 1 } }]
      }
    },
    "b": { "0": [0] },
    "fnMap": {
      "0": {
        "name": "(empty-report)",
        "decl": { "start": { "line": 1, "column": 210 }, "end": { "line": 8, "column": 1 } },
        "loc": { "start": { "line": 1, "column": 210 }, "end": { "line": 8, "column": 1 } },
        "line": 1
      }
    },
    "f": { "0": 0 }
  },
  "/Users/darya/Desktop/Dasha_html/React_RS/class_components_new/RSS_REACT/class_components/src/tests/sum.js": {
    "path": "/Users/darya/Desktop/Dasha_html/React_RS/class_components_new/RSS_REACT/class_components/src/tests/sum.js",
    "all": false,
    "statementMap": {
      "0": { "start": { "line": 1, "column": 0 }, "end": { "line": 1, "column": 27 } },
      "1": { "start": { "line": 2, "column": 0 }, "end": { "line": 2, "column": 16 } },
      "2": { "start": { "line": 3, "column": 0 }, "end": { "line": 3, "column": 3 } }
    },
    "s": { "0": 1, "1": 1, "2": 1 },
    "branchMap": {
      "0": {
        "type": "branch",
        "line": 1,
        "loc": { "start": { "line": 1, "column": 7 }, "end": { "line": 3, "column": 3 } },
        "locations": [{ "start": { "line": 1, "column": 7 }, "end": { "line": 3, "column": 3 } }]
      }
    },
    "b": { "0": [1] },
    "fnMap": {
      "0": {
        "name": "sum",
        "decl": { "start": { "line": 1, "column": 7 }, "end": { "line": 3, "column": 3 } },
        "loc": { "start": { "line": 1, "column": 7 }, "end": { "line": 3, "column": 3 } },
        "line": 1
      }
    },
    "f": { "0": 1 }
  },
  "/Users/darya/Desktop/Dasha_html/React_RS/class_components_new/RSS_REACT/class_components/src/topSection/buttonError.tsx": {
    "path": "/Users/darya/Desktop/Dasha_html/React_RS/class_components_new/RSS_REACT/class_components/src/topSection/buttonError.tsx",
    "all": true,
    "statementMap": {
      "0": { "start": { "line": 1, "column": 0 }, "end": { "line": 1, "column": 34 } },
      "2": { "start": { "line": 3, "column": 0 }, "end": { "line": 3, "column": 52 } },
      "3": { "start": { "line": 4, "column": 0 }, "end": { "line": 4, "column": 14 } },
      "4": { "start": { "line": 5, "column": 0 }, "end": { "line": 5, "column": 25 } },
      "5": { "start": { "line": 6, "column": 0 }, "end": { "line": 6, "column": 3 } },
      "7": { "start": { "line": 8, "column": 0 }, "end": { "line": 8, "column": 12 } },
      "8": { "start": { "line": 9, "column": 0 }, "end": { "line": 9, "column": 12 } },
      "9": { "start": { "line": 10, "column": 0 }, "end": { "line": 10, "column": 39 } },
      "10": { "start": { "line": 11, "column": 0 }, "end": { "line": 11, "column": 96 } },
      "11": { "start": { "line": 12, "column": 0 }, "end": { "line": 12, "column": 16 } },
      "13": { "start": { "line": 14, "column": 0 }, "end": { "line": 14, "column": 3 } },
      "14": { "start": { "line": 15, "column": 0 }, "end": { "line": 15, "column": 1 } }
    },
    "s": {
      "0": 0,
      "2": 0,
      "3": 0,
      "4": 0,
      "5": 0,
      "7": 0,
      "8": 0,
      "9": 0,
      "10": 0,
      "11": 0,
      "13": 0,
      "14": 0
    },
    "branchMap": {
      "0": {
        "type": "branch",
        "line": 1,
        "loc": { "start": { "line": 1, "column": 0 }, "end": { "line": 15, "column": -205 } },
        "locations": [
          { "start": { "line": 1, "column": 0 }, "end": { "line": 15, "column": -205 } }
        ]
      }
    },
    "b": { "0": [0] },
    "fnMap": {
      "0": {
        "name": "(empty-report)",
        "decl": { "start": { "line": 1, "column": 0 }, "end": { "line": 15, "column": -205 } },
        "loc": { "start": { "line": 1, "column": 0 }, "end": { "line": 15, "column": -205 } },
        "line": 1
      }
    },
    "f": { "0": 0 }
  },
  "/Users/darya/Desktop/Dasha_html/React_RS/class_components_new/RSS_REACT/class_components/src/topSection/topSection.tsx": {
    "path": "/Users/darya/Desktop/Dasha_html/React_RS/class_components_new/RSS_REACT/class_components/src/topSection/topSection.tsx",
    "all": true,
    "statementMap": {
      "0": { "start": { "line": 1, "column": 0 }, "end": { "line": 1, "column": 34 } },
      "1": { "start": { "line": 2, "column": 0 }, "end": { "line": 2, "column": 61 } },
      "2": { "start": { "line": 3, "column": 0 }, "end": { "line": 3, "column": 40 } },
      "4": { "start": { "line": 5, "column": 0 }, "end": { "line": 5, "column": 51 } },
      "5": { "start": { "line": 6, "column": 0 }, "end": { "line": 6, "column": 25 } },
      "6": { "start": { "line": 7, "column": 0 }, "end": { "line": 7, "column": 38 } },
      "7": { "start": { "line": 8, "column": 0 }, "end": { "line": 8, "column": 51 } },
      "8": { "start": { "line": 9, "column": 0 }, "end": { "line": 9, "column": 3 } },
      "10": { "start": { "line": 11, "column": 0 }, "end": { "line": 11, "column": 14 } },
      "11": { "start": { "line": 12, "column": 0 }, "end": { "line": 12, "column": 15 } },
      "12": { "start": { "line": 13, "column": 0 }, "end": { "line": 13, "column": 58 } },
      "13": { "start": { "line": 14, "column": 0 }, "end": { "line": 14, "column": 67 } },
      "14": { "start": { "line": 15, "column": 0 }, "end": { "line": 15, "column": 23 } },
      "15": { "start": { "line": 16, "column": 0 }, "end": { "line": 16, "column": 18 } },
      "16": { "start": { "line": 17, "column": 0 }, "end": { "line": 17, "column": 3 } },
      "18": { "start": { "line": 19, "column": 0 }, "end": { "line": 19, "column": 12 } },
      "19": { "start": { "line": 20, "column": 0 }, "end": { "line": 20, "column": 12 } },
      "20": { "start": { "line": 21, "column": 0 }, "end": { "line": 21, "column": 32 } },
      "21": { "start": { "line": 22, "column": 0 }, "end": { "line": 22, "column": 14 } },
      "22": { "start": { "line": 23, "column": 0 }, "end": { "line": 23, "column": 23 } },
      "23": { "start": { "line": 24, "column": 0 }, "end": { "line": 24, "column": 26 } },
      "24": { "start": { "line": 25, "column": 0 }, "end": { "line": 25, "column": 65 } },
      "25": { "start": { "line": 26, "column": 0 }, "end": { "line": 26, "column": 39 } },
      "26": { "start": { "line": 27, "column": 0 }, "end": { "line": 27, "column": 10 } },
      "27": { "start": { "line": 28, "column": 0 }, "end": { "line": 28, "column": 87 } },
      "28": { "start": { "line": 29, "column": 0 }, "end": { "line": 29, "column": 23 } },
      "29": { "start": { "line": 30, "column": 0 }, "end": { "line": 30, "column": 16 } },
      "31": { "start": { "line": 32, "column": 0 }, "end": { "line": 32, "column": 3 } },
      "32": { "start": { "line": 33, "column": 0 }, "end": { "line": 33, "column": 1 } }
    },
    "s": {
      "0": 0,
      "1": 0,
      "2": 0,
      "4": 0,
      "5": 0,
      "6": 0,
      "7": 0,
      "8": 0,
      "10": 0,
      "11": 0,
      "12": 0,
      "13": 0,
      "14": 0,
      "15": 0,
      "16": 0,
      "18": 0,
      "19": 0,
      "20": 0,
      "21": 0,
      "22": 0,
      "23": 0,
      "24": 0,
      "25": 0,
      "26": 0,
      "27": 0,
      "28": 0,
      "29": 0,
      "31": 0,
      "32": 0
    },
    "branchMap": {
      "0": {
        "type": "branch",
        "line": 1,
        "loc": { "start": { "line": 1, "column": 0 }, "end": { "line": 33, "column": -349 } },
        "locations": [
          { "start": { "line": 1, "column": 0 }, "end": { "line": 33, "column": -349 } }
        ]
      }
    },
    "b": { "0": [0] },
    "fnMap": {
      "0": {
        "name": "(empty-report)",
        "decl": { "start": { "line": 1, "column": 0 }, "end": { "line": 33, "column": -349 } },
        "loc": { "start": { "line": 1, "column": 0 }, "end": { "line": 33, "column": -349 } },
        "line": 1
      }
    },
    "f": { "0": 0 }
  }
}
